<?xml version="1.0" encoding="UTF-8"?>
<!-- Generated by org.testng.reporters.JUnitReportReporter -->
<testsuite hostname="saikrishnan" failures="0" tests="4" name="com.testNG.SimpleAnotation" time="0.015" errors="0" timestamp="2025-09-08T16:45:33 IST" skipped="0">
  <testcase classname="com.testNG.SimpleAnotation" name="Women" time="0.004"/>
  <testcase classname="com.testNG.SimpleAnotation" name="Screenshots" time="0.004"/>
  <testcase classname="com.testNG.SimpleAnotation" name="Kids" time="0.005"/>
  <testcase classname="com.testNG.SimpleAnotation" name="Men" time="0.002"/>
</testsuite> <!-- com.testNG.SimpleAnotation -->
